                      X
                     X X
                    X   X
                   X     X
                  X       X
                 X         X
                X           X
               X             X
              X               X
             X                 X
            X                   X
           X                     X
          X                       X
         X                         X
        X                           X
       X                             X
      X                               X
     X                                 X
    X                                   X
   X                                     X
  X                                       X
 X                                         X
XXXXXXXXXXXXXXXXXXXXXXXXXXXXXXXXXXXXXXXXXXXXX
Xo*o*o*o*o*o*o*o*o*o*o*o*o*o*o*o*o*o*o*o*o*oX
X*o*o*o*o*o*o*o*o*o*o*o*o*o*o*o*o*o*o*o*o*o*X
Xo*o*o*o*o*o*o*o*o*o*o*o*o*o*o*o*o*o*o*o*o*oX
X*o*o*o*o*o*o*o*o*o*o*o*o*o*o*o*o*o*o*o*o*o*X
Xo*o*o*o*o*o*o*o*o*o*o*o*o*o*o*o*o*o*o*o*o*oX
X*o*o*o*o*o*o*o*o*o*o*o*o*o*o*o*o*o*o*o*o*o*X
Xo*o*o*o*o*o*o*o*o*o*o*o*o*o*o*o*o*o*o*o*o*oX
X*o*o*o*o*o*o*o*o*o*o*o*o*o*o*o*o*o*o*o*o*o*X
Xo*o*o*o*o*o*o*o*o*o*o*o*o*o*o*o*o*o*o*o*o*oX
X*o*o*o*o*o*o*o*o*o*o*o*o*o*o*o*o*o*o*o*o*o*X
Xo*o*o*o*o*o*o*o*o*o*o*o*o*o*o*o*o*o*o*o*o*oX
X*o*o*o*o*o*o*o*o*o*o*o*o*o*o*o*o*o*o*o*o*o*X
Xo*o*o*o*o*o*o*o*o*o*o*o*o*o*o*o*o*o*o*o*o*oX
X*o*o*o*o*o*o*o*o*o*o*o*o*o*o*o*o*o*o*o*o*o*X
Xo*o*o*o*o*o*o*o*o*o*o*o*o*o*o*o*o*o*o*o*o*oX
X*o*o*o*o*o*o*o*o*o*o*o*o*o*o*o*o*o*o*o*o*o*X
Xo*o*o*o*o*o*o*o*o*o*o*o*o*o*o*o*o*o*o*o*o*oX
X*o*o*o*o*o*o*o*o*o*o*o*o*o*o*o*o*o*o*o*o*o*X
Xo*o*o*o*o*o*o*o*o*o*o*o*o*o*o*o*o*o*o*o*o*oX
X*o*o*o*o*o*o*o*o*o*o*o*o*o*o*o*o*o*o*o*o*o*X
Xo*o*o*o*o*o*o*o*o*o*o*o*o*o*o*o*o*o*o*o*o*oX
X*o*o*o*o*o*o*o*o*o*o*o*o*o*o*o*o*o*o*o*o*o*X
Xo*o*o*o*o*o*o*o*o*o*o*o*o*o*o*o*o*o*o*o*o*oX
X*o*o*o*o*o*o*o*o*o*o*o*o*o*o*o*o*o*o*o*o*o*X
Xo*o*o*o*o*o*o*o*o*o*o*o*o*o*o*o*o*o*o*o*o*oX
X*o*o*o*o*o*o*o*o*o*o*o*o*o*o*o*o*o*o*o*o*o*X
Xo*o*o*o*o*o*o*o*o*o*o*o*o*o*o*o*o*o*o*o*o*oX
X*o*o*o*o*o*o*o*o*o*o*o*o*o*o*o*o*o*o*o*o*o*X
Xo*o*o*o*o*o*o*o*o*o*o*o*o*o*o*o*o*o*o*o*o*oX
X*o*o*o*o*o*o*o*o*o*o*o*o*o*o*o*o*o*o*o*o*o*X
Xo*o*o*o*o*o*o*o*o*o*o*o*o*o*o*o*o*o*o*o*o*oX
X*o*o*o*o*o*o*o*o*o*o*o*o*o*o*o*o*o*o*o*o*o*X
Xo*o*o*o*o*o*o*o*o*o*o*o*o*o*o*o*o*o*o*o*o*oX
X*o*o*o*o*o*o*o*o*o*o*o*o*o*o*o*o*o*o*o*o*o*X
Xo*o*o*o*o*o*o*o*o*o*o*o*o*o*o*o*o*o*o*o*o*oX-|-|-|-|-|
X*o*o*o*o*o*o*o*o*o*o*o*o*o*o*o*o*o*o*o*o*o*X | | | | |
Xo*o*o*o*o*o*o*o*o*o*o*o*o*o*o*o*o*o*o*o*o*oX | | | | |
X*o*o*o*o*o*o*o*o*o*o*o*o*o*o*o*o*o*o*o*o*o*X | | | | |
Xo*o*o*o*o*o*o*o*o*o*o*o*o*o*o*o*o*o*o*o*o*oX | | | | |
X*o*o*o*o*o*o*o*o*o*o*o*o*o*o*o*o*o*o*o*o*o*X | | | | |
Xo*o*o*o*o*o*o*o*o*o*o*o*o*o*o*o*o*o*o*o*o*oX | | | | |
X*o*o*o*o*o*o*o*o*o*o*o*o*o*o*o*o*o*o*o*o*o*X | | | | |
Xo*o*o*o*o*o*o*o*o*o*o*o*o*o*o*o*o*o*o*o*o*oX | | | | |
XXXXXXXXXXXXXXXXXXXXXXXXXXXXXXXXXXXXXXXXXXXXX-|-|-|-|-|
