                           X
                          X X
                         X   X
                        X     X
                       X       X
                      X         X
                     X           X
                    X             X
                   X               X
                  X                 X
                 X                   X
                X                     X
               X                       X
              X                         X
             X                           X
            X                             X
           X                               X
          X                                 X
         X                                   X
        X                                     X
       X                                       X
      X                                         X
     X                                           X
    X                                             X
   X                                               X
  X                                                 X
 X                                                   X
XXXXXXXXXXXXXXXXXXXXXXXXXXXXXXXXXXXXXXXXXXXXXXXXXXXXXXX
Xo*o*o*o*o*o*o*o*o*o*o*o*o*o*o*o*o*o*o*o*o*o*o*o*o*o*oX
X*o*o*o*o*o*o*o*o*o*o*o*o*o*o*o*o*o*o*o*o*o*o*o*o*o*o*X
Xo*o*o*o*o*o*o*o*o*o*o*o*o*o*o*o*o*o*o*o*o*o*o*o*o*o*oX
X*o*o*o*o*o*o*o*o*o*o*o*o*o*o*o*o*o*o*o*o*o*o*o*o*o*o*X
Xo*o*o*o*o*o*o*o*o*o*o*o*o*o*o*o*o*o*o*o*o*o*o*o*o*o*oX
X*o*o*o*o*o*o*o*o*o*o*o*o*o*o*o*o*o*o*o*o*o*o*o*o*o*o*X
Xo*o*o*o*o*o*o*o*o*o*o*o*o*o*o*o*o*o*o*o*o*o*o*o*o*o*oX
X*o*o*o*o*o*o*o*o*o*o*o*o*o*o*o*o*o*o*o*o*o*o*o*o*o*o*X
Xo*o*o*o*o*o*o*o*o*o*o*o*o*o*o*o*o*o*o*o*o*o*o*o*o*o*oX
X*o*o*o*o*o*o*o*o*o*o*o*o*o*o*o*o*o*o*o*o*o*o*o*o*o*o*X
Xo*o*o*o*o*o*o*o*o*o*o*o*o*o*o*o*o*o*o*o*o*o*o*o*o*o*oX
X*o*o*o*o*o*o*o*o*o*o*o*o*o*o*o*o*o*o*o*o*o*o*o*o*o*o*X
Xo*o*o*o*o*o*o*o*o*o*o*o*o*o*o*o*o*o*o*o*o*o*o*o*o*o*oX
X*o*o*o*o*o*o*o*o*o*o*o*o*o*o*o*o*o*o*o*o*o*o*o*o*o*o*X
Xo*o*o*o*o*o*o*o*o*o*o*o*o*o*o*o*o*o*o*o*o*o*o*o*o*o*oX
X*o*o*o*o*o*o*o*o*o*o*o*o*o*o*o*o*o*o*o*o*o*o*o*o*o*o*X
Xo*o*o*o*o*o*o*o*o*o*o*o*o*o*o*o*o*o*o*o*o*o*o*o*o*o*oX
X*o*o*o*o*o*o*o*o*o*o*o*o*o*o*o*o*o*o*o*o*o*o*o*o*o*o*X
Xo*o*o*o*o*o*o*o*o*o*o*o*o*o*o*o*o*o*o*o*o*o*o*o*o*o*oX
X*o*o*o*o*o*o*o*o*o*o*o*o*o*o*o*o*o*o*o*o*o*o*o*o*o*o*X|-|-|-|-|-|-|-|-|-|-|-|-|-|-|-|-|-|
Xo*o*o*o*o*o*o*o*o*o*o*o*o*o*o*o*o*o*o*o*o*o*o*o*o*o*oX| | | | | | | | | | | | | | | | | |
X*o*o*o*o*o*o*o*o*o*o*o*o*o*o*o*o*o*o*o*o*o*o*o*o*o*o*X| | | | | | | | | | | | | | | | | |
Xo*o*o*o*o*o*o*o*o*o*o*o*o*o*o*o*o*o*o*o*o*o*o*o*o*o*oX| | | | | | | | | | | | | | | | | |
X*o*o*o*o*o*o*o*o*o*o*o*o*o*o*o*o*o*o*o*o*o*o*o*o*o*o*X| | | | | | | | | | | | | | | | | |
Xo*o*o*o*o*o*o*o*o*o*o*o*o*o*o*o*o*o*o*o*o*o*o*o*o*o*oX| | | | | | | | | | | | | | | | | |
X*o*o*o*o*o*o*o*o*o*o*o*o*o*o*o*o*o*o*o*o*o*o*o*o*o*o*X| | | | | | | | | | | | | | | | | |
Xo*o*o*o*o*o*o*o*o*o*o*o*o*o*o*o*o*o*o*o*o*o*o*o*o*o*oX| | | | | | | | | | | | | | | | | |
X*o*o*o*o*o*o*o*o*o*o*o*o*o*o*o*o*o*o*o*o*o*o*o*o*o*o*X| | | | | | | | | | | | | | | | | |
Xo*o*o*o*o*o*o*o*o*o*o*o*o*o*o*o*o*o*o*o*o*o*o*o*o*o*oX| | | | | | | | | | | | | | | | | |
X*o*o*o*o*o*o*o*o*o*o*o*o*o*o*o*o*o*o*o*o*o*o*o*o*o*o*X| | | | | | | | | | | | | | | | | |
Xo*o*o*o*o*o*o*o*o*o*o*o*o*o*o*o*o*o*o*o*o*o*o*o*o*o*oX| | | | | | | | | | | | | | | | | |
X*o*o*o*o*o*o*o*o*o*o*o*o*o*o*o*o*o*o*o*o*o*o*o*o*o*o*X| | | | | | | | | | | | | | | | | |
Xo*o*o*o*o*o*o*o*o*o*o*o*o*o*o*o*o*o*o*o*o*o*o*o*o*o*oX| | | | | | | | | | | | | | | | | |
X*o*o*o*o*o*o*o*o*o*o*o*o*o*o*o*o*o*o*o*o*o*o*o*o*o*o*X| | | | | | | | | | | | | | | | | |
Xo*o*o*o*o*o*o*o*o*o*o*o*o*o*o*o*o*o*o*o*o*o*o*o*o*o*oX| | | | | | | | | | | | | | | | | |
X*o*o*o*o*o*o*o*o*o*o*o*o*o*o*o*o*o*o*o*o*o*o*o*o*o*o*X| | | | | | | | | | | | | | | | | |
Xo*o*o*o*o*o*o*o*o*o*o*o*o*o*o*o*o*o*o*o*o*o*o*o*o*o*oX| | | | | | | | | | | | | | | | | |
X*o*o*o*o*o*o*o*o*o*o*o*o*o*o*o*o*o*o*o*o*o*o*o*o*o*o*X| | | | | | | | | | | | | | | | | |
Xo*o*o*o*o*o*o*o*o*o*o*o*o*o*o*o*o*o*o*o*o*o*o*o*o*o*oX| | | | | | | | | | | | | | | | | |
X*o*o*o*o*o*o*o*o*o*o*o*o*o*o*o*o*o*o*o*o*o*o*o*o*o*o*X| | | | | | | | | | | | | | | | | |
Xo*o*o*o*o*o*o*o*o*o*o*o*o*o*o*o*o*o*o*o*o*o*o*o*o*o*oX| | | | | | | | | | | | | | | | | |
X*o*o*o*o*o*o*o*o*o*o*o*o*o*o*o*o*o*o*o*o*o*o*o*o*o*o*X| | | | | | | | | | | | | | | | | |
Xo*o*o*o*o*o*o*o*o*o*o*o*o*o*o*o*o*o*o*o*o*o*o*o*o*o*oX| | | | | | | | | | | | | | | | | |
X*o*o*o*o*o*o*o*o*o*o*o*o*o*o*o*o*o*o*o*o*o*o*o*o*o*o*X| | | | | | | | | | | | | | | | | |
Xo*o*o*o*o*o*o*o*o*o*o*o*o*o*o*o*o*o*o*o*o*o*o*o*o*o*oX| | | | | | | | | | | | | | | | | |
X*o*o*o*o*o*o*o*o*o*o*o*o*o*o*o*o*o*o*o*o*o*o*o*o*o*o*X| | | | | | | | | | | | | | | | | |
Xo*o*o*o*o*o*o*o*o*o*o*o*o*o*o*o*o*o*o*o*o*o*o*o*o*o*oX| | | | | | | | | | | | | | | | | |
X*o*o*o*o*o*o*o*o*o*o*o*o*o*o*o*o*o*o*o*o*o*o*o*o*o*o*X| | | | | | | | | | | | | | | | | |
Xo*o*o*o*o*o*o*o*o*o*o*o*o*o*o*o*o*o*o*o*o*o*o*o*o*o*oX| | | | | | | | | | | | | | | | | |
X*o*o*o*o*o*o*o*o*o*o*o*o*o*o*o*o*o*o*o*o*o*o*o*o*o*o*X| | | | | | | | | | | | | | | | | |
Xo*o*o*o*o*o*o*o*o*o*o*o*o*o*o*o*o*o*o*o*o*o*o*o*o*o*oX| | | | | | | | | | | | | | | | | |
X*o*o*o*o*o*o*o*o*o*o*o*o*o*o*o*o*o*o*o*o*o*o*o*o*o*o*X| | | | | | | | | | | | | | | | | |
Xo*o*o*o*o*o*o*o*o*o*o*o*o*o*o*o*o*o*o*o*o*o*o*o*o*o*oX| | | | | | | | | | | | | | | | | |
XXXXXXXXXXXXXXXXXXXXXXXXXXXXXXXXXXXXXXXXXXXXXXXXXXXXXXX|-|-|-|-|-|-|-|-|-|-|-|-|-|-|-|-|-|
