                       X
                      X X
                     X   X
                    X     X
                   X       X
                  X         X
                 X           X
                X             X
               X               X
              X                 X
             X                   X
            X                     X
           X                       X
          X                         X
         X                           X
        X                             X
       X                               X
      X                                 X
     X                                   X
    X                                     X
   X                                       X
  X                                         X
 X                                           X
XXXXXXXXXXXXXXXXXXXXXXXXXXXXXXXXXXXXXXXXXXXXXXX
X                                             X
X                                             X
X                                             X
X                                             X
X                                             X
X                                             X
X                                             X
X                                             X
X                                             X
X                                             X
X                                             X
X                                             X
X                                             X
X                                             X
X                                             X
X                                             X
X                                             X
X                                             X
X                                             X
X                                             X
X                                             X
X                                             X
X                                             X
X                                             X
X                                             X
X                                             X
X                                             X
X                                             X
X                                             X
X                                             X
X                                             X
X                                             X
X                                             X
X                                             X
XXXXXXXXXXXXXXXXXXXXXXXXXXXXXXXXXXXXXXXXXXXXXXX
